<?xml version="1.0" encoding="UTF-8"?>
<!-- Generated by org.testng.reporters.JUnitReportReporter -->
<testsuite hostname="TTBHDWIN7-57" name="scripts.MPF_Order" tests="1" failures="0" timestamp="26 Jul 2017 14:38:58 GMT" time="4.769" errors="0">
  <testcase name="TC_MPFOrder" time="4.769" classname="scripts.MPF_Order"/>
</testsuite> <!-- scripts.MPF_Order -->
